[0.092s] DEBUG:colcon:Command line arguments: ['/usr/bin/colcon', 'build', '--symlink-install']
[0.093s] DEBUG:colcon:Parsed command line arguments: Namespace(allow_overriding=[], ament_cmake_args=None, base_paths=['.'], build_base='build', catkin_cmake_args=None, catkin_skip_building_tests=False, cmake_args=None, cmake_clean_cache=False, cmake_clean_first=False, cmake_force_configure=False, cmake_target=None, cmake_target_skip_unavailable=False, continue_on_error=False, event_handlers=None, executor='parallel', ignore_user_meta=False, install_base='install', log_base=None, log_level=None, main=<bound method BuildVerb.main of <colcon_core.verb.build.BuildVerb object at 0x7fc263b9c3a0>>, merge_install=False, metas=['./colcon.meta'], packages_above=None, packages_above_and_dependencies=None, packages_above_depth=None, packages_end=None, packages_ignore=None, packages_ignore_regex=None, packages_select=None, packages_select_build_failed=False, packages_select_by_dep=None, packages_select_regex=None, packages_select_test_failures=False, packages_skip=None, packages_skip_build_finished=False, packages_skip_by_dep=None, packages_skip_regex=None, packages_skip_test_passed=False, packages_skip_up_to=None, packages_start=None, packages_up_to=None, packages_up_to_regex=None, parallel_workers=8, paths=None, symlink_install=True, test_result_base=None, verb_extension=<colcon_core.verb.build.BuildVerb object at 0x7fc263b9c3a0>, verb_name='build', verb_parser=<colcon_defaults.argument_parser.defaults.DefaultArgumentsDecorator object at 0x7fc263b9c850>)
[0.111s] Level 1:colcon.colcon_core.package_discovery:discover_packages(colcon_meta) check parameters
[0.137s] Level 1:colcon.colcon_core.package_discovery:discover_packages(recursive) check parameters
[0.137s] Level 1:colcon.colcon_core.package_discovery:discover_packages(ignore) check parameters
[0.137s] Level 1:colcon.colcon_core.package_discovery:discover_packages(path) check parameters
[0.137s] Level 1:colcon.colcon_core.package_discovery:discover_packages(colcon_meta) discover
[0.138s] Level 1:colcon.colcon_core.package_discovery:discover_packages(recursive) discover
[0.138s] INFO:colcon.colcon_core.package_discovery:Crawling recursively for packages in '/home/edgar/Desktop/code'
[0.138s] Level 1:colcon.colcon_core.package_identification:_identify(.) by extensions ['ignore', 'ignore_ament_install']
[0.139s] Level 1:colcon.colcon_core.package_identification:_identify(.) by extension 'ignore'
[0.139s] Level 1:colcon.colcon_core.package_identification:_identify(.) by extension 'ignore_ament_install'
[0.139s] Level 1:colcon.colcon_core.package_identification:_identify(.) by extensions ['colcon_pkg']
[0.139s] Level 1:colcon.colcon_core.package_identification:_identify(.) by extension 'colcon_pkg'
[0.139s] Level 1:colcon.colcon_core.package_identification:_identify(.) by extensions ['colcon_meta']
[0.139s] Level 1:colcon.colcon_core.package_identification:_identify(.) by extension 'colcon_meta'
[0.139s] Level 1:colcon.colcon_core.package_identification:_identify(.) by extensions ['ros']
[0.139s] Level 1:colcon.colcon_core.package_identification:_identify(.) by extension 'ros'
[0.151s] Level 1:colcon.colcon_core.package_identification:_identify(.) by extensions ['cmake', 'python']
[0.151s] Level 1:colcon.colcon_core.package_identification:_identify(.) by extension 'cmake'
[0.151s] Level 1:colcon.colcon_core.package_identification:_identify(.) by extension 'python'
[0.151s] Level 1:colcon.colcon_core.package_identification:_identify(.) by extensions ['python_setup_py']
[0.151s] Level 1:colcon.colcon_core.package_identification:_identify(.) by extension 'python_setup_py'
[0.151s] Level 1:colcon.colcon_core.package_identification:_identify(build) by extensions ['ignore', 'ignore_ament_install']
[0.151s] Level 1:colcon.colcon_core.package_identification:_identify(build) by extension 'ignore'
[0.151s] Level 1:colcon.colcon_core.package_identification:_identify(build) ignored
[0.151s] Level 1:colcon.colcon_core.package_identification:_identify(install) by extensions ['ignore', 'ignore_ament_install']
[0.151s] Level 1:colcon.colcon_core.package_identification:_identify(install) by extension 'ignore'
[0.151s] Level 1:colcon.colcon_core.package_identification:_identify(install) ignored
[0.151s] Level 1:colcon.colcon_core.package_identification:_identify(log) by extensions ['ignore', 'ignore_ament_install']
[0.151s] Level 1:colcon.colcon_core.package_identification:_identify(log) by extension 'ignore'
[0.151s] Level 1:colcon.colcon_core.package_identification:_identify(log) ignored
[0.151s] Level 1:colcon.colcon_core.package_identification:_identify(src) by extensions ['ignore', 'ignore_ament_install']
[0.152s] Level 1:colcon.colcon_core.package_identification:_identify(src) by extension 'ignore'
[0.152s] Level 1:colcon.colcon_core.package_identification:_identify(src) by extension 'ignore_ament_install'
[0.152s] Level 1:colcon.colcon_core.package_identification:_identify(src) by extensions ['colcon_pkg']
[0.152s] Level 1:colcon.colcon_core.package_identification:_identify(src) by extension 'colcon_pkg'
[0.152s] Level 1:colcon.colcon_core.package_identification:_identify(src) by extensions ['colcon_meta']
[0.152s] Level 1:colcon.colcon_core.package_identification:_identify(src) by extension 'colcon_meta'
[0.152s] Level 1:colcon.colcon_core.package_identification:_identify(src) by extensions ['ros']
[0.152s] Level 1:colcon.colcon_core.package_identification:_identify(src) by extension 'ros'
[0.152s] Level 1:colcon.colcon_core.package_identification:_identify(src) by extensions ['cmake', 'python']
[0.152s] Level 1:colcon.colcon_core.package_identification:_identify(src) by extension 'cmake'
[0.152s] Level 1:colcon.colcon_core.package_identification:_identify(src) by extension 'python'
[0.152s] Level 1:colcon.colcon_core.package_identification:_identify(src) by extensions ['python_setup_py']
[0.152s] Level 1:colcon.colcon_core.package_identification:_identify(src) by extension 'python_setup_py'
[0.152s] Level 1:colcon.colcon_core.package_identification:_identify(src/dl_package) by extensions ['ignore', 'ignore_ament_install']
[0.152s] Level 1:colcon.colcon_core.package_identification:_identify(src/dl_package) by extension 'ignore'
[0.152s] Level 1:colcon.colcon_core.package_identification:_identify(src/dl_package) by extension 'ignore_ament_install'
[0.152s] Level 1:colcon.colcon_core.package_identification:_identify(src/dl_package) by extensions ['colcon_pkg']
[0.152s] Level 1:colcon.colcon_core.package_identification:_identify(src/dl_package) by extension 'colcon_pkg'
[0.152s] Level 1:colcon.colcon_core.package_identification:_identify(src/dl_package) by extensions ['colcon_meta']
[0.152s] Level 1:colcon.colcon_core.package_identification:_identify(src/dl_package) by extension 'colcon_meta'
[0.152s] Level 1:colcon.colcon_core.package_identification:_identify(src/dl_package) by extensions ['ros']
[0.152s] Level 1:colcon.colcon_core.package_identification:_identify(src/dl_package) by extension 'ros'
[0.154s] DEBUG:colcon.colcon_core.package_identification:Package 'src/dl_package' with type 'ros.ament_python' and name 'dl_package'
[0.154s] Level 1:colcon.colcon_core.package_identification:_identify(src/matrix_package) by extensions ['ignore', 'ignore_ament_install']
[0.154s] Level 1:colcon.colcon_core.package_identification:_identify(src/matrix_package) by extension 'ignore'
[0.154s] Level 1:colcon.colcon_core.package_identification:_identify(src/matrix_package) by extension 'ignore_ament_install'
[0.154s] Level 1:colcon.colcon_core.package_identification:_identify(src/matrix_package) by extensions ['colcon_pkg']
[0.154s] Level 1:colcon.colcon_core.package_identification:_identify(src/matrix_package) by extension 'colcon_pkg'
[0.154s] Level 1:colcon.colcon_core.package_identification:_identify(src/matrix_package) by extensions ['colcon_meta']
[0.154s] Level 1:colcon.colcon_core.package_identification:_identify(src/matrix_package) by extension 'colcon_meta'
[0.154s] Level 1:colcon.colcon_core.package_identification:_identify(src/matrix_package) by extensions ['ros']
[0.154s] Level 1:colcon.colcon_core.package_identification:_identify(src/matrix_package) by extension 'ros'
[0.155s] DEBUG:colcon.colcon_core.package_identification:Package 'src/matrix_package' with type 'ros.ament_python' and name 'matrix_package'
[0.155s] Level 1:colcon.colcon_core.package_discovery:discover_packages(recursive) using defaults
[0.155s] Level 1:colcon.colcon_core.package_discovery:discover_packages(ignore) discover
[0.155s] Level 1:colcon.colcon_core.package_discovery:discover_packages(ignore) using defaults
[0.155s] Level 1:colcon.colcon_core.package_discovery:discover_packages(path) discover
[0.155s] Level 1:colcon.colcon_core.package_discovery:discover_packages(path) using defaults
[0.168s] Level 1:colcon.colcon_core.package_discovery:discover_packages(prefix_path) check parameters
[0.168s] Level 1:colcon.colcon_core.package_discovery:discover_packages(prefix_path) discover
[0.170s] DEBUG:colcon.colcon_installed_package_information.package_discovery:Found 256 installed packages in /opt/ros/foxy
[0.171s] Level 1:colcon.colcon_core.package_discovery:discover_packages(prefix_path) using defaults
[0.250s] Level 5:colcon.colcon_core.verb:set package 'dl_package' build argument 'cmake_args' from command line to 'None'
[0.251s] Level 5:colcon.colcon_core.verb:set package 'dl_package' build argument 'cmake_target' from command line to 'None'
[0.251s] Level 5:colcon.colcon_core.verb:set package 'dl_package' build argument 'cmake_target_skip_unavailable' from command line to 'False'
[0.251s] Level 5:colcon.colcon_core.verb:set package 'dl_package' build argument 'cmake_clean_cache' from command line to 'False'
[0.251s] Level 5:colcon.colcon_core.verb:set package 'dl_package' build argument 'cmake_clean_first' from command line to 'False'
[0.251s] Level 5:colcon.colcon_core.verb:set package 'dl_package' build argument 'cmake_force_configure' from command line to 'False'
[0.251s] Level 5:colcon.colcon_core.verb:set package 'dl_package' build argument 'ament_cmake_args' from command line to 'None'
[0.251s] Level 5:colcon.colcon_core.verb:set package 'dl_package' build argument 'catkin_cmake_args' from command line to 'None'
[0.251s] Level 5:colcon.colcon_core.verb:set package 'dl_package' build argument 'catkin_skip_building_tests' from command line to 'False'
[0.251s] DEBUG:colcon.colcon_core.verb:Building package 'dl_package' with the following arguments: {'ament_cmake_args': None, 'build_base': '/home/edgar/Desktop/code/build/dl_package', 'catkin_cmake_args': None, 'catkin_skip_building_tests': False, 'cmake_args': None, 'cmake_clean_cache': False, 'cmake_clean_first': False, 'cmake_force_configure': False, 'cmake_target': None, 'cmake_target_skip_unavailable': False, 'install_base': '/home/edgar/Desktop/code/install/dl_package', 'merge_install': False, 'path': '/home/edgar/Desktop/code/src/dl_package', 'symlink_install': True, 'test_result_base': None}
[0.252s] Level 5:colcon.colcon_core.verb:set package 'matrix_package' build argument 'cmake_args' from command line to 'None'
[0.252s] Level 5:colcon.colcon_core.verb:set package 'matrix_package' build argument 'cmake_target' from command line to 'None'
[0.252s] Level 5:colcon.colcon_core.verb:set package 'matrix_package' build argument 'cmake_target_skip_unavailable' from command line to 'False'
[0.252s] Level 5:colcon.colcon_core.verb:set package 'matrix_package' build argument 'cmake_clean_cache' from command line to 'False'
[0.252s] Level 5:colcon.colcon_core.verb:set package 'matrix_package' build argument 'cmake_clean_first' from command line to 'False'
[0.252s] Level 5:colcon.colcon_core.verb:set package 'matrix_package' build argument 'cmake_force_configure' from command line to 'False'
[0.252s] Level 5:colcon.colcon_core.verb:set package 'matrix_package' build argument 'ament_cmake_args' from command line to 'None'
[0.252s] Level 5:colcon.colcon_core.verb:set package 'matrix_package' build argument 'catkin_cmake_args' from command line to 'None'
[0.252s] Level 5:colcon.colcon_core.verb:set package 'matrix_package' build argument 'catkin_skip_building_tests' from command line to 'False'
[0.252s] DEBUG:colcon.colcon_core.verb:Building package 'matrix_package' with the following arguments: {'ament_cmake_args': None, 'build_base': '/home/edgar/Desktop/code/build/matrix_package', 'catkin_cmake_args': None, 'catkin_skip_building_tests': False, 'cmake_args': None, 'cmake_clean_cache': False, 'cmake_clean_first': False, 'cmake_force_configure': False, 'cmake_target': None, 'cmake_target_skip_unavailable': False, 'install_base': '/home/edgar/Desktop/code/install/matrix_package', 'merge_install': False, 'path': '/home/edgar/Desktop/code/src/matrix_package', 'symlink_install': True, 'test_result_base': None}
[0.252s] INFO:colcon.colcon_core.executor:Executing jobs using 'parallel' executor
[0.254s] DEBUG:colcon.colcon_parallel_executor.executor.parallel:run_until_complete
[0.255s] INFO:colcon.colcon_ros.task.ament_python.build:Building ROS package in '/home/edgar/Desktop/code/src/dl_package' with build type 'ament_python'
[0.255s] Level 1:colcon.colcon_core.shell:create_environment_hook('dl_package', 'ament_prefix_path')
[0.258s] INFO:colcon.colcon_core.plugin_system:Skipping extension 'colcon_core.shell.bat': Not used on non-Windows systems
[0.259s] INFO:colcon.colcon_core.shell:Creating environment hook '/home/edgar/Desktop/code/install/dl_package/share/dl_package/hook/ament_prefix_path.ps1'
[0.259s] INFO:colcon.colcon_core.shell:Creating environment descriptor '/home/edgar/Desktop/code/install/dl_package/share/dl_package/hook/ament_prefix_path.dsv'
[0.260s] INFO:colcon.colcon_core.shell:Creating environment hook '/home/edgar/Desktop/code/install/dl_package/share/dl_package/hook/ament_prefix_path.sh'
[0.261s] INFO:colcon.colcon_core.shell:Skip shell extension 'powershell' for command environment: Not usable outside of PowerShell
[0.261s] DEBUG:colcon.colcon_core.shell:Skip shell extension 'dsv' for command environment
[0.265s] INFO:colcon.colcon_ros.task.ament_python.build:Building ROS package in '/home/edgar/Desktop/code/src/matrix_package' with build type 'ament_python'
[0.266s] Level 1:colcon.colcon_core.shell:create_environment_hook('matrix_package', 'ament_prefix_path')
[0.267s] INFO:colcon.colcon_core.shell:Creating environment hook '/home/edgar/Desktop/code/install/matrix_package/share/matrix_package/hook/ament_prefix_path.ps1'
[0.268s] INFO:colcon.colcon_core.shell:Creating environment descriptor '/home/edgar/Desktop/code/install/matrix_package/share/matrix_package/hook/ament_prefix_path.dsv'
[0.268s] INFO:colcon.colcon_core.shell:Creating environment hook '/home/edgar/Desktop/code/install/matrix_package/share/matrix_package/hook/ament_prefix_path.sh'
[0.268s] INFO:colcon.colcon_core.shell:Skip shell extension 'powershell' for command environment: Not usable outside of PowerShell
[0.269s] DEBUG:colcon.colcon_core.shell:Skip shell extension 'dsv' for command environment
[0.444s] INFO:colcon.colcon_core.task.python.build:Building Python package in '/home/edgar/Desktop/code/src/dl_package'
[0.445s] INFO:colcon.colcon_core.shell:Skip shell extension 'powershell' for command environment: Not usable outside of PowerShell
[0.445s] DEBUG:colcon.colcon_core.shell:Skip shell extension 'dsv' for command environment
[0.612s] INFO:colcon.colcon_core.task.python.build:Building Python package in '/home/edgar/Desktop/code/src/matrix_package'
[0.613s] INFO:colcon.colcon_core.shell:Skip shell extension 'powershell' for command environment: Not usable outside of PowerShell
[0.613s] DEBUG:colcon.colcon_core.shell:Skip shell extension 'dsv' for command environment
[0.910s] DEBUG:colcon.colcon_core.event_handler.log_command:Invoking command in '/home/edgar/Desktop/code/build/dl_package': PYTHONPATH=/home/edgar/Desktop/code/build/dl_package/prefix_override:/home/edgar/Desktop/code/install/dl_package/lib/python3.8/site-packages:${PYTHONPATH} /usr/bin/python3 setup.py develop --editable --build-directory /home/edgar/Desktop/code/build/dl_package/build --no-deps install_data
[0.915s] DEBUG:colcon.colcon_core.event_handler.log_command:Invoking command in '/home/edgar/Desktop/code/build/matrix_package': PYTHONPATH=/home/edgar/Desktop/code/build/matrix_package/prefix_override:/home/edgar/Desktop/code/install/matrix_package/lib/python3.8/site-packages:${PYTHONPATH} /usr/bin/python3 setup.py develop --editable --build-directory /home/edgar/Desktop/code/build/matrix_package/build --no-deps install_data
[1.292s] Level 1:colcon.colcon_core.shell:create_environment_hook('matrix_package', 'pythonpath_develop')
[1.293s] INFO:colcon.colcon_core.shell:Creating environment hook '/home/edgar/Desktop/code/build/matrix_package/share/matrix_package/hook/pythonpath_develop.ps1'
[1.294s] INFO:colcon.colcon_core.shell:Creating environment descriptor '/home/edgar/Desktop/code/build/matrix_package/share/matrix_package/hook/pythonpath_develop.dsv'
[1.294s] DEBUG:colcon.colcon_core.event_handler.log_command:Invoked command in '/home/edgar/Desktop/code/build/matrix_package' returned '0': PYTHONPATH=/home/edgar/Desktop/code/build/matrix_package/prefix_override:/home/edgar/Desktop/code/install/matrix_package/lib/python3.8/site-packages:${PYTHONPATH} /usr/bin/python3 setup.py develop --editable --build-directory /home/edgar/Desktop/code/build/matrix_package/build --no-deps install_data
[1.294s] INFO:colcon.colcon_core.shell:Creating environment hook '/home/edgar/Desktop/code/build/matrix_package/share/matrix_package/hook/pythonpath_develop.sh'
[1.297s] Level 1:colcon.colcon_core.environment:checking '/home/edgar/Desktop/code/install/matrix_package' for CMake module files
[1.298s] Level 1:colcon.colcon_core.environment:checking '/home/edgar/Desktop/code/install/matrix_package' for CMake config files
[1.298s] Level 1:colcon.colcon_core.environment:checking '/home/edgar/Desktop/code/install/matrix_package/lib'
[1.298s] Level 1:colcon.colcon_core.environment:checking '/home/edgar/Desktop/code/install/matrix_package/bin'
[1.298s] Level 1:colcon.colcon_core.environment:checking '/home/edgar/Desktop/code/install/matrix_package/lib/pkgconfig/matrix_package.pc'
[1.298s] Level 1:colcon.colcon_core.environment:checking '/home/edgar/Desktop/code/install/matrix_package/lib/python3.8/site-packages'
[1.299s] Level 1:colcon.colcon_core.shell:create_environment_hook('matrix_package', 'pythonpath')
[1.299s] INFO:colcon.colcon_core.shell:Creating environment hook '/home/edgar/Desktop/code/install/matrix_package/share/matrix_package/hook/pythonpath.ps1'
[1.299s] INFO:colcon.colcon_core.shell:Creating environment descriptor '/home/edgar/Desktop/code/install/matrix_package/share/matrix_package/hook/pythonpath.dsv'
[1.299s] INFO:colcon.colcon_core.shell:Creating environment hook '/home/edgar/Desktop/code/install/matrix_package/share/matrix_package/hook/pythonpath.sh'
[1.300s] Level 1:colcon.colcon_core.environment:checking '/home/edgar/Desktop/code/install/matrix_package/bin'
[1.300s] Level 1:colcon.colcon_core.environment:create_environment_scripts_only(matrix_package)
[1.300s] INFO:colcon.colcon_core.shell:Creating package script '/home/edgar/Desktop/code/install/matrix_package/share/matrix_package/package.ps1'
[1.301s] INFO:colcon.colcon_core.shell:Creating package descriptor '/home/edgar/Desktop/code/install/matrix_package/share/matrix_package/package.dsv'
[1.301s] INFO:colcon.colcon_core.shell:Creating package script '/home/edgar/Desktop/code/install/matrix_package/share/matrix_package/package.sh'
[1.302s] INFO:colcon.colcon_core.shell:Creating package script '/home/edgar/Desktop/code/install/matrix_package/share/matrix_package/package.bash'
[1.302s] INFO:colcon.colcon_core.shell:Creating package script '/home/edgar/Desktop/code/install/matrix_package/share/matrix_package/package.zsh'
[1.303s] Level 1:colcon.colcon_core.environment:create_file_with_runtime_dependencies(/home/edgar/Desktop/code/install/matrix_package/share/colcon-core/packages/matrix_package)
[1.304s] Level 1:colcon.colcon_core.shell:create_environment_hook('dl_package', 'pythonpath_develop')
[1.304s] INFO:colcon.colcon_core.shell:Creating environment hook '/home/edgar/Desktop/code/build/dl_package/share/dl_package/hook/pythonpath_develop.ps1'
[1.305s] DEBUG:colcon.colcon_core.event_handler.log_command:Invoked command in '/home/edgar/Desktop/code/build/dl_package' returned '0': PYTHONPATH=/home/edgar/Desktop/code/build/dl_package/prefix_override:/home/edgar/Desktop/code/install/dl_package/lib/python3.8/site-packages:${PYTHONPATH} /usr/bin/python3 setup.py develop --editable --build-directory /home/edgar/Desktop/code/build/dl_package/build --no-deps install_data
[1.305s] INFO:colcon.colcon_core.shell:Creating environment descriptor '/home/edgar/Desktop/code/build/dl_package/share/dl_package/hook/pythonpath_develop.dsv'
[1.305s] INFO:colcon.colcon_core.shell:Creating environment hook '/home/edgar/Desktop/code/build/dl_package/share/dl_package/hook/pythonpath_develop.sh'
[1.306s] Level 1:colcon.colcon_core.environment:checking '/home/edgar/Desktop/code/install/dl_package' for CMake module files
[1.306s] Level 1:colcon.colcon_core.environment:checking '/home/edgar/Desktop/code/install/dl_package' for CMake config files
[1.306s] Level 1:colcon.colcon_core.environment:checking '/home/edgar/Desktop/code/install/dl_package/lib'
[1.306s] Level 1:colcon.colcon_core.environment:checking '/home/edgar/Desktop/code/install/dl_package/bin'
[1.306s] Level 1:colcon.colcon_core.environment:checking '/home/edgar/Desktop/code/install/dl_package/lib/pkgconfig/dl_package.pc'
[1.306s] Level 1:colcon.colcon_core.environment:checking '/home/edgar/Desktop/code/install/dl_package/lib/python3.8/site-packages'
[1.306s] Level 1:colcon.colcon_core.shell:create_environment_hook('dl_package', 'pythonpath')
[1.307s] INFO:colcon.colcon_core.shell:Creating environment hook '/home/edgar/Desktop/code/install/dl_package/share/dl_package/hook/pythonpath.ps1'
[1.307s] INFO:colcon.colcon_core.shell:Creating environment descriptor '/home/edgar/Desktop/code/install/dl_package/share/dl_package/hook/pythonpath.dsv'
[1.307s] INFO:colcon.colcon_core.shell:Creating environment hook '/home/edgar/Desktop/code/install/dl_package/share/dl_package/hook/pythonpath.sh'
[1.308s] Level 1:colcon.colcon_core.environment:checking '/home/edgar/Desktop/code/install/dl_package/bin'
[1.308s] Level 1:colcon.colcon_core.environment:create_environment_scripts_only(dl_package)
[1.308s] INFO:colcon.colcon_core.shell:Creating package script '/home/edgar/Desktop/code/install/dl_package/share/dl_package/package.ps1'
[1.308s] INFO:colcon.colcon_core.shell:Creating package descriptor '/home/edgar/Desktop/code/install/dl_package/share/dl_package/package.dsv'
[1.309s] INFO:colcon.colcon_core.shell:Creating package script '/home/edgar/Desktop/code/install/dl_package/share/dl_package/package.sh'
[1.309s] INFO:colcon.colcon_core.shell:Creating package script '/home/edgar/Desktop/code/install/dl_package/share/dl_package/package.bash'
[1.309s] INFO:colcon.colcon_core.shell:Creating package script '/home/edgar/Desktop/code/install/dl_package/share/dl_package/package.zsh'
[1.309s] Level 1:colcon.colcon_core.environment:create_file_with_runtime_dependencies(/home/edgar/Desktop/code/install/dl_package/share/colcon-core/packages/dl_package)
[1.310s] DEBUG:colcon.colcon_parallel_executor.executor.parallel:closing loop
[1.310s] DEBUG:colcon.colcon_parallel_executor.executor.parallel:loop closed
[1.310s] DEBUG:colcon.colcon_parallel_executor.executor.parallel:run_until_complete finished with '0'
[1.310s] DEBUG:colcon.colcon_core.event_reactor:joining thread
[1.314s] INFO:colcon.colcon_core.plugin_system:Skipping extension 'colcon_notification.desktop_notification.terminal_notifier': Not used on non-Darwin systems
[1.315s] INFO:colcon.colcon_core.plugin_system:Skipping extension 'colcon_notification.desktop_notification.win32': Not used on non-Windows systems
[1.315s] INFO:colcon.colcon_notification.desktop_notification:Sending desktop notification using 'notify2'
[1.326s] DEBUG:colcon.colcon_core.event_reactor:joined thread
[1.327s] INFO:colcon.colcon_core.shell:Creating prefix script '/home/edgar/Desktop/code/install/local_setup.ps1'
[1.327s] INFO:colcon.colcon_core.shell:Creating prefix util module '/home/edgar/Desktop/code/install/_local_setup_util_ps1.py'
[1.328s] INFO:colcon.colcon_core.shell:Creating prefix chain script '/home/edgar/Desktop/code/install/setup.ps1'
[1.329s] INFO:colcon.colcon_core.shell:Creating prefix script '/home/edgar/Desktop/code/install/local_setup.sh'
[1.329s] INFO:colcon.colcon_core.shell:Creating prefix util module '/home/edgar/Desktop/code/install/_local_setup_util_sh.py'
[1.330s] INFO:colcon.colcon_core.shell:Creating prefix chain script '/home/edgar/Desktop/code/install/setup.sh'
[1.330s] INFO:colcon.colcon_core.shell:Creating prefix script '/home/edgar/Desktop/code/install/local_setup.bash'
[1.331s] INFO:colcon.colcon_core.shell:Creating prefix chain script '/home/edgar/Desktop/code/install/setup.bash'
[1.332s] INFO:colcon.colcon_core.shell:Creating prefix script '/home/edgar/Desktop/code/install/local_setup.zsh'
[1.332s] INFO:colcon.colcon_core.shell:Creating prefix chain script '/home/edgar/Desktop/code/install/setup.zsh'
